<?xml version="1.0" encoding="UTF-8"?>
<testng-results skipped="0" failed="1" ignored="0" total="5" passed="4">
  <reporter-output>
  </reporter-output>
  <suite name="Default Suite" duration-ms="208287" started-at="2022-09-25T15:22:39 EET" finished-at="2022-09-25T15:26:07 EET">
    <groups>
    </groups>
    <test name="MavenSelenium" duration-ms="208287" started-at="2022-09-25T15:22:39 EET" finished-at="2022-09-25T15:26:07 EET">
      <class name="ValidSignIn">
        <test-method status="PASS" signature="InvokeBrowser()[pri:0, instance:ValidSignIn@4501b7af]" name="InvokeBrowser" is-config="true" duration-ms="17711" started-at="2022-09-25T15:22:39 EET" finished-at="2022-09-25T15:22:57 EET">
          <reporter-output>
          </reporter-output>
        </test-method> <!-- InvokeBrowser -->
        <test-method status="PASS" signature="initializeObject()[pri:0, instance:ValidSignIn@4501b7af]" name="initializeObject" is-config="true" duration-ms="22" started-at="2022-09-25T15:22:57 EET" finished-at="2022-09-25T15:22:57 EET">
          <reporter-output>
          </reporter-output>
        </test-method> <!-- initializeObject -->
        <test-method status="PASS" signature="verifyLoginIn(java.lang.String, java.lang.String)[pri:0, instance:ValidSignIn@4501b7af]" name="verifyLoginIn" duration-ms="29983" started-at="2022-09-25T15:22:58 EET" data-provider="ValidUserLoginData" finished-at="2022-09-25T15:23:28 EET">
          <params>
            <param index="0">
              <value>
                <![CDATA[Mohamed-Kamal9839@gmail.com]]>
              </value>
            </param>
            <param index="1">
              <value>
                <![CDATA[mkamal9]]>
              </value>
            </param>
          </params>
          <reporter-output>
          </reporter-output>
        </test-method> <!-- verifyLoginIn -->
        <test-method status="PASS" signature="verifyLoginIn(java.lang.String, java.lang.String)[pri:0, instance:ValidSignIn@4501b7af]" name="verifyLoginIn" duration-ms="35309" started-at="2022-09-25T15:23:28 EET" data-provider="ValidUserLoginData" finished-at="2022-09-25T15:24:03 EET">
          <params>
            <param index="0">
              <value>
                <![CDATA[Mohamed-Kamal983@gmail.com]]>
              </value>
            </param>
            <param index="1">
              <value>
                <![CDATA[mkamal9]]>
              </value>
            </param>
          </params>
          <reporter-output>
          </reporter-output>
        </test-method> <!-- verifyLoginIn -->
        <test-method status="PASS" signature="verifyLoginIn(java.lang.String, java.lang.String)[pri:0, instance:ValidSignIn@4501b7af]" name="verifyLoginIn" duration-ms="34690" started-at="2022-09-25T15:24:03 EET" data-provider="ValidUserLoginData" finished-at="2022-09-25T15:24:38 EET">
          <params>
            <param index="0">
              <value>
                <![CDATA[Mohamed-Kamal@gmail.com]]>
              </value>
            </param>
            <param index="1">
              <value>
                <![CDATA[mkamal9]]>
              </value>
            </param>
          </params>
          <reporter-output>
          </reporter-output>
        </test-method> <!-- verifyLoginIn -->
        <test-method status="FAIL" signature="verifyLoginIn(java.lang.String, java.lang.String)[pri:0, instance:ValidSignIn@4501b7af]" name="verifyLoginIn" duration-ms="39754" started-at="2022-09-25T15:24:38 EET" data-provider="ValidUserLoginData" finished-at="2022-09-25T15:25:18 EET">
          <params>
            <param index="0">
              <value>
                <![CDATA[Mohamed-Kamal9839@gmail.com]]>
              </value>
            </param>
            <param index="1">
              <value>
                <![CDATA[mkamal]]>
              </value>
            </param>
          </params>
          <exception class="org.openqa.selenium.TimeoutException">
            <message>
              <![CDATA[Expected condition failed: waiting for visibility of element located by By.xpath: //div[@class="header_user_info"]//a[@class="account"] (tried for 20 second(s) with 500 MILLISECONDS interval)]]>
            </message>
            <full-stacktrace>
              <![CDATA[org.openqa.selenium.TimeoutException: Expected condition failed: waiting for visibility of element located by By.xpath: //div[@class="header_user_info"]//a[@class="account"] (tried for 20 second(s) with 500 MILLISECONDS interval)
at org.openqa.selenium.support.ui.WebDriverWait.timeoutException(WebDriverWait.java:82)
at org.openqa.selenium.support.ui.FluentWait.until(FluentWait.java:231)
at pages.MyAccountMyStore.getCstName(MyAccountMyStore.java:23)
at ValidSignIn.verifyLoginIn(ValidSignIn.java:41)
at sun.reflect.NativeMethodAccessorImpl.invoke0(Native Method)
at sun.reflect.NativeMethodAccessorImpl.invoke(NativeMethodAccessorImpl.java:62)
at sun.reflect.DelegatingMethodAccessorImpl.invoke(DelegatingMethodAccessorImpl.java:43)
at java.lang.reflect.Method.invoke(Method.java:498)
at org.testng.internal.MethodInvocationHelper.invokeMethod(MethodInvocationHelper.java:134)
at org.testng.internal.TestInvoker.invokeMethod(TestInvoker.java:597)
at org.testng.internal.TestInvoker.invokeTestMethod(TestInvoker.java:173)
at org.testng.internal.MethodRunner.runInSequence(MethodRunner.java:46)
at org.testng.internal.TestInvoker$MethodInvocationAgent.invoke(TestInvoker.java:816)
at org.testng.internal.TestInvoker.invokeTestMethods(TestInvoker.java:146)
at org.testng.internal.TestMethodWorker.invokeTestMethods(TestMethodWorker.java:146)
at org.testng.internal.TestMethodWorker.run(TestMethodWorker.java:128)
at java.util.ArrayList.forEach(ArrayList.java:1257)
at org.testng.TestRunner.privateRun(TestRunner.java:766)
at org.testng.TestRunner.run(TestRunner.java:587)
at org.testng.SuiteRunner.runTest(SuiteRunner.java:384)
at org.testng.SuiteRunner.runSequentially(SuiteRunner.java:378)
at org.testng.SuiteRunner.privateRun(SuiteRunner.java:337)
at org.testng.SuiteRunner.run(SuiteRunner.java:286)
at org.testng.SuiteRunnerWorker.runSuite(SuiteRunnerWorker.java:53)
at org.testng.SuiteRunnerWorker.run(SuiteRunnerWorker.java:96)
at org.testng.TestNG.runSuitesSequentially(TestNG.java:1187)
at org.testng.TestNG.runSuitesLocally(TestNG.java:1109)
at org.testng.TestNG.runSuites(TestNG.java:1039)
at org.testng.TestNG.run(TestNG.java:1007)
at com.intellij.rt.testng.IDEARemoteTestNG.run(IDEARemoteTestNG.java:66)
at com.intellij.rt.testng.RemoteTestNGStarter.main(RemoteTestNGStarter.java:109)
Caused by: org.openqa.selenium.NoSuchElementException: Cannot locate an element using By.xpath: //div[@class="header_user_info"]//a[@class="account"]
For documentation on this error, please visit: http://seleniumhq.org/exceptions/no_such_element.html
Build info: version: '3.8.1', revision: '6e95a6684b', time: '2017-12-01T18:33:54.468Z'
System info: host: 'ITSTPER', ip: '172.18.176.1', os.name: 'Windows 10', os.arch: 'amd64', os.version: '10.0', java.version: '1.8.0_161'
Driver info: driver.version: unknown
at org.openqa.selenium.support.ui.ExpectedConditions.lambda$findElement$0(ExpectedConditions.java:882)
at java.util.Optional.orElseThrow(Optional.java:290)
at org.openqa.selenium.support.ui.ExpectedConditions.findElement(ExpectedConditions.java:881)
at org.openqa.selenium.support.ui.ExpectedConditions.access$000(ExpectedConditions.java:43)
at org.openqa.selenium.support.ui.ExpectedConditions$7.apply(ExpectedConditions.java:205)
at org.openqa.selenium.support.ui.ExpectedConditions$7.apply(ExpectedConditions.java:201)
at org.openqa.selenium.support.ui.FluentWait.until(FluentWait.java:208)
... 29 more
]]>
            </full-stacktrace>
          </exception> <!-- org.openqa.selenium.TimeoutException -->
          <reporter-output>
          </reporter-output>
        </test-method> <!-- verifyLoginIn -->
        <test-method status="PASS" signature="verifyLoginIn(java.lang.String, java.lang.String)[pri:0, instance:ValidSignIn@4501b7af]" name="verifyLoginIn" duration-ms="49683" started-at="2022-09-25T15:25:18 EET" data-provider="ValidUserLoginData" finished-at="2022-09-25T15:26:07 EET">
          <params>
            <param index="0">
              <value>
                <![CDATA[Mohamed-Kamal9839@gmail.com]]>
              </value>
            </param>
            <param index="1">
              <value>
                <![CDATA[mkamal9]]>
              </value>
            </param>
          </params>
          <reporter-output>
          </reporter-output>
        </test-method> <!-- verifyLoginIn -->
        <test-method status="PASS" signature="teardown()[pri:0, instance:ValidSignIn@4501b7af]" name="teardown" is-config="true" duration-ms="0" started-at="2022-09-25T15:26:07 EET" finished-at="2022-09-25T15:26:07 EET">
          <reporter-output>
          </reporter-output>
        </test-method> <!-- teardown -->
      </class> <!-- ValidSignIn -->
    </test> <!-- MavenSelenium -->
  </suite> <!-- Default Suite -->
</testng-results>
